<?xml version="1.0" encoding="UTF-8"?>
<!-- Generated by org.testng.reporters.JUnitXMLReporter -->
<testsuite hostname="ASD-smirnova" ignored="0" name="Simple config test" tests="12" failures="0" timestamp="26 апр 2018 05:36:43 GMT" time="0.07" errors="0">
  <testcase name="assEq" time="0.0" classname="com.company.TestNGblock"/>
  <testcase name="assEq5" time="0.0" classname="com.company.TestNGblock"/>
  <testcase name="assEq5" time="0.0" classname="com.company.TestNGblock"/>
  <testcase name="assEq5" time="0.0" classname="com.company.TestNGblock"/>
  <testcase name="assEq2" time="0.0" classname="com.company.TestNGblock"/>
  <testcase name="assEq3" time="0.0" classname="com.company.TestNGblock"/>
  <testcase name="assEq3" time="0.0" classname="com.company.TestNGblock"/>
  <testcase name="assEq3" time="0.0" classname="com.company.TestNGblock"/>
  <testcase name="methodNG1" time="0.0" classname="com.company.TestNGblock"/>
  <testcase name="dependOnMethod1" time="0.0" classname="com.company.TestNGblock"/>
  <testcase name="dependsOnGroup1" time="0.0" classname="com.company.TestNGblock"/>
  <testcase name="errorMethod" time="0.0" classname="com.company.TestNGblock"/>
</testsuite> <!-- Simple config test -->
