<?xml version="1.0" encoding="UTF-8"?>
<!-- Generated by org.testng.reporters.JUnitXMLReporter -->
<testsuite hostname="ASD-smirnova" ignored="0" name="Surefire test" tests="10" failures="0" timestamp="11 апр 2018 12:00:25 GMT" time="0.061" errors="0">
  <testcase name="@BeforeClass beforeClass" time="0.024" classname="com.company.TestNGblock">
    <failure type="java.lang.NoClassDefFoundError" message="org/junit/rules/ExpectedException">
      <![CDATA[java.lang.NoClassDefFoundError: org/junit/rules/ExpectedException
at com.company.PodarokTest.<init>(PodarokTest.java:62)
at com.company.TestNGblock.beforeClass(TestNGblock.java:24)
Caused by: java.lang.ClassNotFoundException: org.junit.rules.ExpectedException
at java.net.URLClassLoader.findClass(URLClassLoader.java:381)
at java.lang.ClassLoader.loadClass(ClassLoader.java:424)
at sun.misc.Launcher$AppClassLoader.loadClass(Launcher.java:338)
at java.lang.ClassLoader.loadClass(ClassLoader.java:357)
... 33 more
... Removed 31 stack frames]]>
    </failure>
  </testcase> <!-- @BeforeClass beforeClass -->
  <testcase name="assEq" time="0.0" classname="com.company.TestNGblock">
    <skipped/>
  </testcase> <!-- assEq -->
  <testcase name="assEq5" time="0.0" classname="com.company.TestNGblock">
    <skipped/>
  </testcase> <!-- assEq5 -->
  <testcase name="assEq2" time="0.0" classname="com.company.TestNGblock">
    <skipped/>
  </testcase> <!-- assEq2 -->
  <testcase name="assEq3" time="0.0" classname="com.company.TestNGblock">
    <skipped/>
  </testcase> <!-- assEq3 -->
  <testcase name="assEq3" time="0.0" classname="com.company.TestNGblock">
    <skipped/>
  </testcase> <!-- assEq3 -->
  <testcase name="assEq3" time="0.0" classname="com.company.TestNGblock">
    <skipped/>
  </testcase> <!-- assEq3 -->
  <testcase name="methodNG1" time="0.0" classname="com.company.TestNGblock">
    <skipped/>
  </testcase> <!-- methodNG1 -->
  <testcase name="dependOnMethod1" time="0.0" classname="com.company.TestNGblock">
    <skipped/>
  </testcase> <!-- dependOnMethod1 -->
  <testcase name="dependsOnGroup1" time="0.0" classname="com.company.TestNGblock">
    <skipped/>
  </testcase> <!-- dependsOnGroup1 -->
  <testcase name="errorMethod" time="0.0" classname="com.company.TestNGblock">
    <skipped/>
  </testcase> <!-- errorMethod -->
</testsuite> <!-- Surefire test -->
