<?xml version="1.0" encoding="UTF-8"?>
<!-- Generated by org.testng.reporters.JUnitXMLReporter -->
<testsuite hostname="ASD-smirnova" ignored="7" name="TestNGblock" tests="1" failures="0" timestamp="11 апр 2018 09:53:49 GMT" time="0.03" errors="0">
  <testcase name="methodNG1" time="0.01" classname="com.company.TestNGblock"/>
  <testcase name="dependOnMethod1" time="0.0" classname="com.company.TestNGblock">
    <ignored/>
  </testcase> <!-- dependOnMethod1 -->
  <testcase name="dependsOnGroup1" time="0.0" classname="com.company.TestNGblock">
    <ignored/>
  </testcase> <!-- dependsOnGroup1 -->
  <testcase name="assEq5" time="0.0" classname="com.company.TestNGblock">
    <ignored/>
  </testcase> <!-- assEq5 -->
  <testcase name="assEq" time="0.0" classname="com.company.TestNGblock">
    <ignored/>
  </testcase> <!-- assEq -->
  <testcase name="errorMethod" time="0.0" classname="com.company.TestNGblock">
    <ignored/>
  </testcase> <!-- errorMethod -->
  <testcase name="assEq3" time="0.0" classname="com.company.TestNGblock">
    <ignored/>
  </testcase> <!-- assEq3 -->
  <testcase name="assEq2" time="0.0" classname="com.company.TestNGblock">
    <ignored/>
  </testcase> <!-- assEq2 -->
</testsuite> <!-- TestNGblock -->
