<?xml version="1.0" encoding="UTF-8"?>
<testng-results skipped="0" failed="0" ignored="0" total="2" passed="2">
  <reporter-output>
  </reporter-output>
  <suite name="Parameterized suite" duration-ms="40" started-at="2018-04-26T05:55:04Z" finished-at="2018-04-26T05:55:04Z">
    <groups>
    </groups>
    <test name="Simple config test" duration-ms="40" started-at="2018-04-26T05:55:04Z" finished-at="2018-04-26T05:55:04Z">
      <class name="com.company.SampleTest">
        <test-method status="PASS" signature="paramTestOne(java.lang.String, java.lang.String)[pri:0, instance:com.company.SampleTest@6d86b085]" name="paramTestOne" duration-ms="0" started-at="2018-04-26T05:55:04Z" finished-at="2018-04-26T05:55:04Z">
          <params>
            <param index="0">
              <value>
                <![CDATA[Suite Param One]]>
              </value>
            </param>
            <param index="1">
              <value>
                <![CDATA[Test Param One]]>
              </value>
            </param>
          </params>
          <reporter-output>
          </reporter-output>
        </test-method> <!-- paramTestOne -->
        <test-method status="PASS" signature="paramTestTwo(java.lang.String, java.lang.String)[pri:0, instance:com.company.SampleTest@6d86b085]" name="paramTestTwo" duration-ms="0" started-at="2018-04-26T05:55:04Z" finished-at="2018-04-26T05:55:04Z">
          <params>
            <param index="0">
              <value>
                <![CDATA[Suite Param Two]]>
              </value>
            </param>
            <param index="1">
              <value>
                <![CDATA[Test Param Two]]>
              </value>
            </param>
          </params>
          <reporter-output>
          </reporter-output>
        </test-method> <!-- paramTestTwo -->
      </class> <!-- com.company.SampleTest -->
    </test> <!-- Simple config test -->
  </suite> <!-- Parameterized suite -->
</testng-results>
